2023-07-25 01:00:00 [scheduling-1] - -------------执行清理过期文件任务--------------
2023-07-25 19:15:40 [background-preinit] - HV000001: Hibernate Validator 6.2.0.Final
2023-07-25 19:15:40 [main] - Starting PlatformApplication using Java 1.8.0_181 on WIN-0LIEQ3UH00U with PID 18180 (E:\request\newProject\Carbon\carbon\platform\target\classes started by Administrator in E:\request\newProject\Carbon\carbon)
2023-07-25 19:15:40 [main] - No active profile set, falling back to default profiles: default
2023-07-25 19:15:41 [main] - Multiple Spring Data modules found, entering strict repository configuration mode!
2023-07-25 19:15:41 [main] - Bootstrapping Spring Data Redis repositories in DEFAULT mode.
2023-07-25 19:15:41 [main] - Finished Spring Data repository scanning in 24 ms. Found 0 Redis repository interfaces.
2023-07-25 19:15:42 [main] - Bean 'asyncExecutorConfig' of type [com.summer.config.AsyncExecutorConfig] is not eligible for getting processed by all BeanPostProcessors (for example: not eligible for auto-proxying)
2023-07-25 19:15:42 [main] - Bean 'org.springframework.security.access.expression.method.DefaultMethodSecurityExpressionHandler@61f6d381' of type [org.springframework.security.access.expression.method.DefaultMethodSecurityExpressionHandler] is not eligible for getting processed by all BeanPostProcessors (for example: not eligible for auto-proxying)
2023-07-25 19:15:42 [main] - Bean 'methodSecurityMetadataSource' of type [org.springframework.security.access.method.DelegatingMethodSecurityMetadataSource] is not eligible for getting processed by all BeanPostProcessors (for example: not eligible for auto-proxying)
2023-07-25 19:15:42 [main] - Tomcat initialized with port(s): 8989 (http)
2023-07-25 19:15:42 [main] - Initializing ProtocolHandler ["http-nio-8989"]
2023-07-25 19:15:42 [main] - Starting service [Tomcat]
2023-07-25 19:15:42 [main] - Starting Servlet engine: [Apache Tomcat/9.0.54]
2023-07-25 19:15:42 [main] - Initializing Spring embedded WebApplicationContext
2023-07-25 19:15:42 [main] - Root WebApplicationContext: initialization completed in 1942 ms
2023-07-25 19:15:43 [main] - Init DruidDataSource
2023-07-25 19:15:44 [main] - {dataSource-1} inited
2023-07-25 19:15:45 [main] - Stopping service [Tomcat]
2023-07-25 19:15:45 [main] - {dataSource-1} closing ...
2023-07-25 19:15:45 [main] - {dataSource-1} closed
2023-07-25 19:15:45 [main] - 

Error starting ApplicationContext. To display the conditions report re-run your application with 'debug' enabled.
2023-07-25 19:19:48 [main] - Starting PlatformApplication using Java 1.8.0_181 on WIN-0LIEQ3UH00U with PID 36840 (E:\request\newProject\Carbon\carbon\platform\target\classes started by Administrator in E:\request\newProject\Carbon\carbon)
2023-07-25 19:19:48 [main] - No active profile set, falling back to default profiles: default
2023-07-25 19:19:48 [background-preinit] - HV000001: Hibernate Validator 6.2.0.Final
2023-07-25 19:19:49 [main] - Multiple Spring Data modules found, entering strict repository configuration mode!
2023-07-25 19:19:49 [main] - Bootstrapping Spring Data Redis repositories in DEFAULT mode.
2023-07-25 19:19:49 [main] - Finished Spring Data repository scanning in 24 ms. Found 0 Redis repository interfaces.
2023-07-25 19:19:50 [main] - Bean 'asyncExecutorConfig' of type [com.summer.config.AsyncExecutorConfig] is not eligible for getting processed by all BeanPostProcessors (for example: not eligible for auto-proxying)
2023-07-25 19:19:50 [main] - Bean 'org.springframework.security.access.expression.method.DefaultMethodSecurityExpressionHandler@39e69ea7' of type [org.springframework.security.access.expression.method.DefaultMethodSecurityExpressionHandler] is not eligible for getting processed by all BeanPostProcessors (for example: not eligible for auto-proxying)
2023-07-25 19:19:50 [main] - Bean 'methodSecurityMetadataSource' of type [org.springframework.security.access.method.DelegatingMethodSecurityMetadataSource] is not eligible for getting processed by all BeanPostProcessors (for example: not eligible for auto-proxying)
2023-07-25 19:19:50 [main] - Tomcat initialized with port(s): 8989 (http)
2023-07-25 19:19:50 [main] - Initializing ProtocolHandler ["http-nio-8989"]
2023-07-25 19:19:50 [main] - Starting service [Tomcat]
2023-07-25 19:19:50 [main] - Starting Servlet engine: [Apache Tomcat/9.0.54]
2023-07-25 19:19:50 [main] - Initializing Spring embedded WebApplicationContext
2023-07-25 19:19:50 [main] - Root WebApplicationContext: initialization completed in 1871 ms
2023-07-25 19:19:51 [main] - Init DruidDataSource
2023-07-25 19:19:52 [main] - {dataSource-1} inited
2023-07-25 19:19:53 [main] - Stopping service [Tomcat]
2023-07-25 19:19:53 [main] - {dataSource-1} closing ...
2023-07-25 19:19:53 [main] - {dataSource-1} closed
2023-07-25 19:19:53 [main] - 

Error starting ApplicationContext. To display the conditions report re-run your application with 'debug' enabled.
2023-07-25 19:20:48 [main] - Starting PlatformApplication using Java 1.8.0_181 on WIN-0LIEQ3UH00U with PID 55700 (E:\request\newProject\Carbon\carbon\platform\target\classes started by Administrator in E:\request\newProject\Carbon\carbon)
2023-07-25 19:20:48 [main] - No active profile set, falling back to default profiles: default
2023-07-25 19:20:48 [background-preinit] - HV000001: Hibernate Validator 6.2.0.Final
2023-07-25 19:20:49 [main] - Multiple Spring Data modules found, entering strict repository configuration mode!
2023-07-25 19:20:49 [main] - Bootstrapping Spring Data Redis repositories in DEFAULT mode.
2023-07-25 19:20:49 [main] - Finished Spring Data repository scanning in 20 ms. Found 0 Redis repository interfaces.
2023-07-25 19:20:49 [main] - Bean 'asyncExecutorConfig' of type [com.summer.config.AsyncExecutorConfig] is not eligible for getting processed by all BeanPostProcessors (for example: not eligible for auto-proxying)
2023-07-25 19:20:50 [main] - Bean 'org.springframework.security.access.expression.method.DefaultMethodSecurityExpressionHandler@7e72a6cc' of type [org.springframework.security.access.expression.method.DefaultMethodSecurityExpressionHandler] is not eligible for getting processed by all BeanPostProcessors (for example: not eligible for auto-proxying)
2023-07-25 19:20:50 [main] - Bean 'methodSecurityMetadataSource' of type [org.springframework.security.access.method.DelegatingMethodSecurityMetadataSource] is not eligible for getting processed by all BeanPostProcessors (for example: not eligible for auto-proxying)
2023-07-25 19:20:50 [main] - Tomcat initialized with port(s): 8989 (http)
2023-07-25 19:20:50 [main] - Initializing ProtocolHandler ["http-nio-8989"]
2023-07-25 19:20:50 [main] - Starting service [Tomcat]
2023-07-25 19:20:50 [main] - Starting Servlet engine: [Apache Tomcat/9.0.54]
2023-07-25 19:20:50 [main] - Initializing Spring embedded WebApplicationContext
2023-07-25 19:20:50 [main] - Root WebApplicationContext: initialization completed in 1613 ms
2023-07-25 19:20:50 [main] - Init DruidDataSource
2023-07-25 19:20:51 [main] - {dataSource-1} inited
2023-07-25 19:20:53 [main] - Stopping service [Tomcat]
2023-07-25 19:20:53 [main] - {dataSource-1} closing ...
2023-07-25 19:20:53 [main] - {dataSource-1} closed
2023-07-25 19:20:53 [main] - 

Error starting ApplicationContext. To display the conditions report re-run your application with 'debug' enabled.
2023-07-25 19:21:29 [main] - Starting PlatformApplication using Java 1.8.0_181 on WIN-0LIEQ3UH00U with PID 10220 (E:\request\newProject\Carbon\carbon\platform\target\classes started by Administrator in E:\request\newProject\Carbon\carbon)
2023-07-25 19:21:29 [main] - No active profile set, falling back to default profiles: default
2023-07-25 19:21:29 [background-preinit] - HV000001: Hibernate Validator 6.2.0.Final
2023-07-25 19:21:29 [main] - Multiple Spring Data modules found, entering strict repository configuration mode!
2023-07-25 19:21:29 [main] - Bootstrapping Spring Data Redis repositories in DEFAULT mode.
2023-07-25 19:21:29 [main] - Finished Spring Data repository scanning in 28 ms. Found 0 Redis repository interfaces.
2023-07-25 19:21:30 [main] - Bean 'asyncExecutorConfig' of type [com.summer.config.AsyncExecutorConfig] is not eligible for getting processed by all BeanPostProcessors (for example: not eligible for auto-proxying)
2023-07-25 19:21:30 [main] - Bean 'org.springframework.security.access.expression.method.DefaultMethodSecurityExpressionHandler@7e72a6cc' of type [org.springframework.security.access.expression.method.DefaultMethodSecurityExpressionHandler] is not eligible for getting processed by all BeanPostProcessors (for example: not eligible for auto-proxying)
2023-07-25 19:21:30 [main] - Bean 'methodSecurityMetadataSource' of type [org.springframework.security.access.method.DelegatingMethodSecurityMetadataSource] is not eligible for getting processed by all BeanPostProcessors (for example: not eligible for auto-proxying)
2023-07-25 19:21:30 [main] - Tomcat initialized with port(s): 8989 (http)
2023-07-25 19:21:30 [main] - Initializing ProtocolHandler ["http-nio-8989"]
2023-07-25 19:21:30 [main] - Starting service [Tomcat]
2023-07-25 19:21:30 [main] - Starting Servlet engine: [Apache Tomcat/9.0.54]
2023-07-25 19:21:30 [main] - Initializing Spring embedded WebApplicationContext
2023-07-25 19:21:30 [main] - Root WebApplicationContext: initialization completed in 1751 ms
2023-07-25 19:21:31 [main] - Init DruidDataSource
2023-07-25 19:21:32 [main] - {dataSource-1} inited
2023-07-25 19:21:34 [main] - Redisson 3.17.6
2023-07-25 19:21:34 [redisson-netty-2-5] - 1 connections initialized for 127.0.0.1/127.0.0.1:6379
2023-07-25 19:21:34 [redisson-netty-2-19] - 24 connections initialized for 127.0.0.1/127.0.0.1:6379
2023-07-25 19:21:35 [main] - {dataSource-1} closing ...
2023-07-25 19:21:35 [main] - {dataSource-1} closed
2023-07-25 19:21:35 [main] - Stopping service [Tomcat]
2023-07-25 19:21:35 [main] - 

Error starting ApplicationContext. To display the conditions report re-run your application with 'debug' enabled.
2023-07-25 19:24:45 [main] - Starting PlatformApplication using Java 1.8.0_181 on WIN-0LIEQ3UH00U with PID 60160 (E:\request\newProject\Carbon\carbon\platform\target\classes started by Administrator in E:\request\newProject\Carbon\carbon)
2023-07-25 19:24:45 [main] - No active profile set, falling back to default profiles: default
2023-07-25 19:24:45 [background-preinit] - HV000001: Hibernate Validator 6.2.0.Final
2023-07-25 19:24:46 [main] - Multiple Spring Data modules found, entering strict repository configuration mode!
2023-07-25 19:24:46 [main] - Bootstrapping Spring Data Redis repositories in DEFAULT mode.
2023-07-25 19:24:46 [main] - Finished Spring Data repository scanning in 28 ms. Found 0 Redis repository interfaces.
2023-07-25 19:24:46 [main] - Bean 'asyncExecutorConfig' of type [com.summer.config.AsyncExecutorConfig] is not eligible for getting processed by all BeanPostProcessors (for example: not eligible for auto-proxying)
2023-07-25 19:24:46 [main] - Bean 'org.springframework.security.access.expression.method.DefaultMethodSecurityExpressionHandler@4779aae6' of type [org.springframework.security.access.expression.method.DefaultMethodSecurityExpressionHandler] is not eligible for getting processed by all BeanPostProcessors (for example: not eligible for auto-proxying)
2023-07-25 19:24:46 [main] - Bean 'methodSecurityMetadataSource' of type [org.springframework.security.access.method.DelegatingMethodSecurityMetadataSource] is not eligible for getting processed by all BeanPostProcessors (for example: not eligible for auto-proxying)
2023-07-25 19:24:47 [main] - Tomcat initialized with port(s): 8989 (http)
2023-07-25 19:24:47 [main] - Initializing ProtocolHandler ["http-nio-8989"]
2023-07-25 19:24:47 [main] - Starting service [Tomcat]
2023-07-25 19:24:47 [main] - Starting Servlet engine: [Apache Tomcat/9.0.54]
2023-07-25 19:24:47 [main] - Initializing Spring embedded WebApplicationContext
2023-07-25 19:24:47 [main] - Root WebApplicationContext: initialization completed in 1647 ms
2023-07-25 19:24:47 [main] - Init DruidDataSource
2023-07-25 19:24:48 [main] - {dataSource-1} inited
2023-07-25 19:24:50 [main] - Redisson 3.17.6
2023-07-25 19:24:51 [redisson-netty-2-5] - 1 connections initialized for 127.0.0.1/127.0.0.1:6379
2023-07-25 19:24:51 [redisson-netty-2-19] - 24 connections initialized for 127.0.0.1/127.0.0.1:6379
2023-07-25 19:24:52 [main] - {dataSource-1} closing ...
2023-07-25 19:24:52 [main] - {dataSource-1} closed
2023-07-25 19:24:52 [main] - Stopping service [Tomcat]
2023-07-25 19:24:52 [main] - 

Error starting ApplicationContext. To display the conditions report re-run your application with 'debug' enabled.
2023-07-25 19:25:57 [main] - Starting PlatformApplication using Java 1.8.0_181 on WIN-0LIEQ3UH00U with PID 47956 (E:\request\newProject\Carbon\carbon\platform\target\classes started by Administrator in E:\request\newProject\Carbon\carbon)
2023-07-25 19:25:57 [main] - No active profile set, falling back to default profiles: default
2023-07-25 19:25:57 [background-preinit] - HV000001: Hibernate Validator 6.2.0.Final
2023-07-25 19:25:57 [main] - Multiple Spring Data modules found, entering strict repository configuration mode!
2023-07-25 19:25:57 [main] - Bootstrapping Spring Data Redis repositories in DEFAULT mode.
2023-07-25 19:25:57 [main] - Finished Spring Data repository scanning in 22 ms. Found 0 Redis repository interfaces.
2023-07-25 19:25:58 [main] - Bean 'asyncExecutorConfig' of type [com.summer.config.AsyncExecutorConfig] is not eligible for getting processed by all BeanPostProcessors (for example: not eligible for auto-proxying)
2023-07-25 19:25:58 [main] - Bean 'org.springframework.security.access.expression.method.DefaultMethodSecurityExpressionHandler@39e69ea7' of type [org.springframework.security.access.expression.method.DefaultMethodSecurityExpressionHandler] is not eligible for getting processed by all BeanPostProcessors (for example: not eligible for auto-proxying)
2023-07-25 19:25:58 [main] - Bean 'methodSecurityMetadataSource' of type [org.springframework.security.access.method.DelegatingMethodSecurityMetadataSource] is not eligible for getting processed by all BeanPostProcessors (for example: not eligible for auto-proxying)
2023-07-25 19:25:58 [main] - Tomcat initialized with port(s): 8989 (http)
2023-07-25 19:25:58 [main] - Initializing ProtocolHandler ["http-nio-8989"]
2023-07-25 19:25:58 [main] - Starting service [Tomcat]
2023-07-25 19:25:58 [main] - Starting Servlet engine: [Apache Tomcat/9.0.54]
2023-07-25 19:25:58 [main] - Initializing Spring embedded WebApplicationContext
2023-07-25 19:25:58 [main] - Root WebApplicationContext: initialization completed in 1689 ms
2023-07-25 19:25:59 [main] - Init DruidDataSource
2023-07-25 19:26:00 [main] - {dataSource-1} inited
2023-07-25 19:26:02 [main] - Redisson 3.17.6
2023-07-25 19:26:02 [redisson-netty-2-5] - 1 connections initialized for 127.0.0.1/127.0.0.1:6379
2023-07-25 19:26:02 [redisson-netty-2-19] - 24 connections initialized for 127.0.0.1/127.0.0.1:6379
2023-07-25 19:26:03 [main] - {dataSource-1} closing ...
2023-07-25 19:26:03 [main] - {dataSource-1} closed
2023-07-25 19:26:03 [main] - Stopping service [Tomcat]
2023-07-25 19:26:03 [main] - 

Error starting ApplicationContext. To display the conditions report re-run your application with 'debug' enabled.
2023-07-25 19:27:21 [main] - Starting PlatformApplication using Java 1.8.0_181 on WIN-0LIEQ3UH00U with PID 40900 (E:\request\newProject\Carbon\carbon\platform\target\classes started by Administrator in E:\request\newProject\Carbon\carbon)
2023-07-25 19:27:21 [background-preinit] - HV000001: Hibernate Validator 6.2.0.Final
2023-07-25 19:27:21 [main] - No active profile set, falling back to default profiles: default
2023-07-25 19:27:22 [main] - Multiple Spring Data modules found, entering strict repository configuration mode!
2023-07-25 19:27:22 [main] - Bootstrapping Spring Data Redis repositories in DEFAULT mode.
2023-07-25 19:27:22 [main] - Finished Spring Data repository scanning in 22 ms. Found 0 Redis repository interfaces.
2023-07-25 19:27:22 [main] - Bean 'asyncExecutorConfig' of type [com.summer.config.AsyncExecutorConfig] is not eligible for getting processed by all BeanPostProcessors (for example: not eligible for auto-proxying)
2023-07-25 19:27:22 [main] - Bean 'org.springframework.security.access.expression.method.DefaultMethodSecurityExpressionHandler@5f95f1e1' of type [org.springframework.security.access.expression.method.DefaultMethodSecurityExpressionHandler] is not eligible for getting processed by all BeanPostProcessors (for example: not eligible for auto-proxying)
2023-07-25 19:27:22 [main] - Bean 'methodSecurityMetadataSource' of type [org.springframework.security.access.method.DelegatingMethodSecurityMetadataSource] is not eligible for getting processed by all BeanPostProcessors (for example: not eligible for auto-proxying)
2023-07-25 19:27:23 [main] - Tomcat initialized with port(s): 8989 (http)
2023-07-25 19:27:23 [main] - Initializing ProtocolHandler ["http-nio-8989"]
2023-07-25 19:27:23 [main] - Starting service [Tomcat]
2023-07-25 19:27:23 [main] - Starting Servlet engine: [Apache Tomcat/9.0.54]
2023-07-25 19:27:23 [main] - Initializing Spring embedded WebApplicationContext
2023-07-25 19:27:23 [main] - Root WebApplicationContext: initialization completed in 1660 ms
2023-07-25 19:27:23 [main] - Init DruidDataSource
2023-07-25 19:27:24 [main] - {dataSource-1} inited
2023-07-25 19:27:26 [main] - Redisson 3.17.6
2023-07-25 19:27:27 [redisson-netty-2-5] - 1 connections initialized for 127.0.0.1/127.0.0.1:6379
2023-07-25 19:27:27 [redisson-netty-2-19] - 24 connections initialized for 127.0.0.1/127.0.0.1:6379
2023-07-25 19:27:28 [main] - {dataSource-1} closing ...
2023-07-25 19:27:28 [main] - {dataSource-1} closed
2023-07-25 19:27:28 [main] - Stopping service [Tomcat]
2023-07-25 19:27:28 [main] - 

Error starting ApplicationContext. To display the conditions report re-run your application with 'debug' enabled.
2023-07-25 19:27:43 [main] - Starting PlatformApplication using Java 1.8.0_181 on WIN-0LIEQ3UH00U with PID 47852 (E:\request\newProject\Carbon\carbon\platform\target\classes started by Administrator in E:\request\newProject\Carbon\carbon)
2023-07-25 19:27:43 [main] - No active profile set, falling back to default profiles: default
2023-07-25 19:27:43 [background-preinit] - HV000001: Hibernate Validator 6.2.0.Final
2023-07-25 19:27:44 [main] - Multiple Spring Data modules found, entering strict repository configuration mode!
2023-07-25 19:27:44 [main] - Bootstrapping Spring Data Redis repositories in DEFAULT mode.
2023-07-25 19:27:44 [main] - Finished Spring Data repository scanning in 23 ms. Found 0 Redis repository interfaces.
2023-07-25 19:27:44 [main] - Bean 'asyncExecutorConfig' of type [com.summer.config.AsyncExecutorConfig] is not eligible for getting processed by all BeanPostProcessors (for example: not eligible for auto-proxying)
2023-07-25 19:27:45 [main] - Bean 'org.springframework.security.access.expression.method.DefaultMethodSecurityExpressionHandler@6015a4a5' of type [org.springframework.security.access.expression.method.DefaultMethodSecurityExpressionHandler] is not eligible for getting processed by all BeanPostProcessors (for example: not eligible for auto-proxying)
2023-07-25 19:27:45 [main] - Bean 'methodSecurityMetadataSource' of type [org.springframework.security.access.method.DelegatingMethodSecurityMetadataSource] is not eligible for getting processed by all BeanPostProcessors (for example: not eligible for auto-proxying)
2023-07-25 19:27:45 [main] - Tomcat initialized with port(s): 8989 (http)
2023-07-25 19:27:45 [main] - Initializing ProtocolHandler ["http-nio-8989"]
2023-07-25 19:27:45 [main] - Starting service [Tomcat]
2023-07-25 19:27:45 [main] - Starting Servlet engine: [Apache Tomcat/9.0.54]
2023-07-25 19:27:45 [main] - Initializing Spring embedded WebApplicationContext
2023-07-25 19:27:45 [main] - Root WebApplicationContext: initialization completed in 1687 ms
2023-07-25 19:27:45 [main] - Init DruidDataSource
2023-07-25 19:27:46 [main] - {dataSource-1} inited
2023-07-25 19:27:48 [main] - Redisson 3.17.6
2023-07-25 19:27:49 [redisson-netty-2-5] - 1 connections initialized for 127.0.0.1/127.0.0.1:6379
2023-07-25 19:27:49 [redisson-netty-2-19] - 24 connections initialized for 127.0.0.1/127.0.0.1:6379
2023-07-25 19:27:51 [main] - 根据注解获取需要忽略认证的耗时：8ms
2023-07-25 19:27:51 [main] - 忽略认证的Get接口名称=["/apidoc/**","/druid/**","/virtual/**","/sendCaptchaToEmail/**","/captchaImage","/cache/getValue/{cacheKey}","/admin/reloadSetting"]
2023-07-25 19:27:51 [main] - 忽略认证的Post接口名称=["/user/login","/user/getGoogleQRCode","/user/proxylogin"]
2023-07-25 19:27:51 [main] - 忽略认证不限制请求类型的接口名称=["/home/*","/test/*"]
2023-07-25 19:27:51 [main] - 资源映射加载 --- /virtual/** --> D:\data\ 
2023-07-25 19:27:52 [main] - Exposing 1 endpoint(s) beneath base path '/actuator'
2023-07-25 19:27:52 [main] - Will secure any request with [org.springframework.security.web.context.request.async.WebAsyncManagerIntegrationFilter@2004f99, org.springframework.security.web.context.SecurityContextPersistenceFilter@6971c6b7, org.springframework.security.web.header.HeaderWriterFilter@1ee04ff6, org.springframework.web.filter.CorsFilter@d200d3e, org.springframework.security.web.authentication.logout.LogoutFilter@642693c2, com.summer.security.JwtAuthenticationTokenFilter@53564a4c, org.springframework.security.web.savedrequest.RequestCacheAwareFilter@313c3cb, org.springframework.security.web.servletapi.SecurityContextHolderAwareRequestFilter@58178b69, org.springframework.security.web.authentication.AnonymousAuthenticationFilter@39fbee74, org.springframework.security.web.session.SessionManagementFilter@63fcc21, org.springframework.security.web.access.ExceptionTranslationFilter@489e1887, org.springframework.security.web.access.intercept.FilterSecurityInterceptor@64078e6a]
2023-07-25 19:27:53 [main] - Starting ProtocolHandler ["http-nio-8989"]
2023-07-25 19:27:53 [main] - Tomcat started on port(s): 8989 (http) with context path ''
2023-07-25 19:27:53 [main] - Started PlatformApplication in 9.683 seconds (JVM running for 10.345)
2023-07-25 19:27:53 [RMI TCP Connection(6)-192.168.2.116] - Initializing Spring DispatcherServlet 'dispatcherServlet'
2023-07-25 19:27:53 [RMI TCP Connection(6)-192.168.2.116] - Initializing Servlet 'dispatcherServlet'
2023-07-25 19:27:53 [RMI TCP Connection(6)-192.168.2.116] - Completed initialization in 1 ms
